<?xml version="1.0" encoding="UTF-8"?>
<!-- Generated by org.testng.reporters.JUnitReportReporter -->
<testsuite hostname="DESKTOP-M437J62" failures="0" tests="1" name="amaonone.amazon" time="29.866" errors="0" timestamp="2025-02-16T16:06:04 IST" skipped="0">
  <testcase classname="amaonone.amazon" name="browserlucnh" time="29.866"/>
</testsuite> <!-- amaonone.amazon -->
